Copyright 1986-1999, 2001-2013 Xilinx, Inc. All Rights Reserved.
---------------------------------------------------------------------------------------------------------
| Tool Version     : Vivado v.2013.2 (win32) Build 272601 Sat Jun 15 11:18:47 MDT 2013
| Date             : Tue Aug 27 20:05:27 2013
| Host             :  running 32-bit Service Pack 1  (build 7601)
| Command          : report_power -file motor_power_routed.rpt -pb motor_power_summary_routed.pb
| Design           : motor
| Device           : xc7z020clg484-1
| Design State     : Routed
| Grade            : Commercial
| Process          : Typical
| Characterization : Production
---------------------------------------------------------------------------------------------------------

Power Report

Table of Contents
-----------------
1. Summary
1.1 On-Chip Components
1.2 Power Supply Summary
1.3 Confidence Level
2. Settings
2.1 Environment
2.2 Initial Settings
2.3 Clock Constraints
3. Detailed Reports
3.1 By Hierarchy

1. Summary
----------

+--------------------------+-------+
| Total On-Chip Power (W)  | 0.120 |
| Dynamic (W)              | 0.000 |
| Device Static (W)        | 0.120 |
| Effective TJA (C/W)      | 11.5  |
| Max Ambient (C)          | 83.6  |
| Junction Temperature (C) | 26.4  |
| Confidence Level         | Low   |
| Setting File             | ---   |
| Simulation Activity File | ---   |
| Design Nets Matched      | NA    |
+--------------------------+-------+


1.1 On-Chip Components
----------------------

+----------------+-----------+----------+-----------+-----------------+
| On-Chip        | Power (W) | Used     | Available | Utilization (%) |
+----------------+-----------+----------+-----------+-----------------+
| Clocks         |     0.000 |        1 |       --- |             --- |
| Slice Logic    |     0.000 |       48 |       --- |             --- |
|   LUT as Logic |     0.000 |       10 |     53200 |             0.0 |
|   CARRY4       |     0.000 |        6 |     13300 |             0.0 |
|   Register     |     0.000 |       23 |    106400 |             0.0 |
|   Others       |     0.000 |        2 |       --- |             --- |
| Signals        |     0.000 |       32 |       --- |             --- |
| I/O            |     0.000 |       18 |       200 |             9.0 |
| Static Power   |     0.120 |          |           |                 |
| Total          |     0.120 |          |           |                 |
+----------------+-----------+----------+-----------+-----------------+


1.2 Power Supply Summary
------------------------

+-----------+-------------+-----------+-------------+------------+
| Source    | Voltage (V) | Total (A) | Dynamic (A) | Static (A) |
+-----------+-------------+-----------+-------------+------------+
| Vccint    |       1.000 |     0.007 |       0.000 |      0.007 |
| Vccaux    |       1.800 |     0.019 |       0.000 |      0.019 |
| Vcco33    |       3.300 |     0.000 |       0.000 |      0.000 |
| Vcco25    |       2.500 |     0.000 |       0.000 |      0.000 |
| Vcco18    |       1.800 |     0.001 |       0.000 |      0.001 |
| Vcco15    |       1.500 |     0.000 |       0.000 |      0.000 |
| Vcco135   |       1.350 |     0.000 |       0.000 |      0.000 |
| Vcco12    |       1.200 |     0.000 |       0.000 |      0.000 |
| Vccaux_io |       2.000 |     0.000 |       0.000 |      0.000 |
| Vccbram   |       1.000 |     0.000 |       0.000 |      0.000 |
| MGTAVcc   |       1.000 |     0.000 |       0.000 |      0.000 |
| MGTAVtt   |       1.200 |     0.000 |       0.000 |      0.000 |
| MGTVccaux |       1.800 |     0.000 |       0.000 |      0.000 |
| Vccpint   |       1.000 |     0.016 |       0.000 |      0.016 |
| Vccpaux   |       1.800 |     0.010 |       0.000 |      0.010 |
| Vccpll    |       1.800 |     0.003 |       0.000 |      0.003 |
| Vcco_ddr  |       1.500 |     0.000 |       0.000 |      0.000 |
| Vcco_mio0 |       1.800 |     0.000 |       0.000 |      0.000 |
| Vcco_mio1 |       1.800 |     0.000 |       0.000 |      0.000 |
| Vccadc    |       1.800 |     0.020 |       0.000 |      0.020 |
+-----------+-------------+-----------+-------------+------------+


1.3 Confidence Level
--------------------

+-----------------------------+------------+--------------------------------------------------------+--------------------------------------------------------------------------------------------------------------------+
| User Input Data             | Confidence | Details                                                | Action                                                                                                             |
+-----------------------------+------------+--------------------------------------------------------+--------------------------------------------------------------------------------------------------------------------+
| Design implementation state | High       | Design is completely routed                            |                                                                                                                    |
| Clock nodes activity        | Low        | User specified less than 75% of clocks                 | Provide missing clock activity with a constraint file, simulation results or by editing the "By Clock Domain" view |
| I/O nodes activity          | Low        | More than 75% of inputs are missing user specification | Provide missing input activity with simulation results or by editing the "By Resource Type -> I/Os" view           |
| Internal nodes activity     | Medium     | User specified less than 25% of internal nodes         | Provide missing internal nodes activity with simulation results or by editing the "By Resource Type" views         |
| Device models               | High       | Device models are Production                           |                                                                                                                    |
|                             |            |                                                        |                                                                                                                    |
| Overall confidence level    | Low        |                                                        |                                                                                                                    |
+-----------------------------+------------+--------------------------------------------------------+--------------------------------------------------------------------------------------------------------------------+


2. Settings
-----------

2.1 Environment
---------------

+-----------------------+------------------+
| Ambient Temp (C)      | 25.0             |
| ThetaJA (C/W)         | 11.5             |
| Airflow (LFM)         | 250              |
| Heat Sink             | None             |
| ThetaSA (C/W)         | 0.0              |
| Board Selection       | Medium (10"x10") |
| # of Board Layers     | 8 to 11          |
| Board Temperature (C) | 26.4             |
+-----------------------+------------------+


2.2 Initial Settings
--------------------

+-------------------------------------+-------+
| Register Toggle Rate (%)            |  12.5 |
| IO Toggle Rate (%)                  |  12.5 |
| Output Load (pF)                    |   5.0 |
| IO Enable Probabilty                |   1.0 |
| BRAM Write Probability              |   0.5 |
| BRAM Enable Probability             |   0.5 |
| DSP Toggle Rate (%)                 |  12.5 |
| Set Signal Probability              |  0.01 |
| Reset Signal Probability            |  0.01 |
| Enable Signal Probability           |  0.99 |
| Unconstrained Clock Frequency (MHz) |   0.0 |
+-------------------------------------+-------+


2.3 Clock Constraints
---------------------

+-------+--------+-----------------+
| Clock | Domain | Constraint (ns) |
+-------+--------+-----------------+


3. Detailed Reports
-------------------

3.1 By Hierarchy
----------------

+-------+-----------+
| Name  | Power (W) |
+-------+-----------+
| motor |     0.000 |
+-------+-----------+


